# JRE version: OpenJDK Runtime Environment Temurin-21.0.6+7 (21.0.6+7) (build 21.0.6+7-LTS)
# Java VM: OpenJDK 64-Bit Server VM Temurin-21.0.6+7 (21.0.6+7-LTS, mixed mode, sharing, tiered, compressed oops, compressed class ptrs, parallel gc, windows-amd64)
GC Precious Log:
 CardTable entry size: 512
 CPUs: 4 total, 4 available
 Memory: 7583M
 Large Page Support: Disabled
 NUMA Support: Disabled
 Compressed Oops: Enabled (32-bit)
 Alignments: Space 512K, Generation 512K, Heap 2M
 Heap Min Capacity: 100M
 Heap Initial Capacity: 100M
 Heap Max Capacity: 1G
 Pre-touch: Disabled
 Parallel Workers: 4
Heap:
 PSYoungGen      total 2560K, used 1614K [0x00000000eab00000, 0x00000000eae80000, 0x0000000100000000)
  eden space 2048K, 64% used [0x00000000eab00000,0x00000000eac4b800,0x00000000ead00000)
  from space 512K, 56% used [0x00000000ead80000,0x00000000eadc8000,0x00000000eae00000)
  to   space 512K, 0% used [0x00000000eae00000,0x00000000eae00000,0x00000000eae80000)
 ParOldGen       total 378880K, used 378754K [0x00000000c0000000, 0x00000000d7200000, 0x00000000eab00000)
  object space 378880K, 99% used [0x00000000c0000000,0x00000000d71e08d0,0x00000000d7200000)
 Metaspace       used 69220K, committed 70784K, reserved 1114112K
  class space    used 7080K, committed 7744K, reserved 1048576K
GC Heap History (20 events):
Event: 221.359 GC heap before
{Heap before GC invocations=627 (full 4):
 PSYoungGen      total 2560K, used 2336K [0x00000000eab00000, 0x00000000eae80000, 0x0000000100000000)
  eden space 2048K, 100% used [0x00000000eab00000,0x00000000ead00000,0x00000000ead00000)
  from space 512K, 56% used [0x00000000eae00000,0x00000000eae48000,0x00000000eae80000)
  to   space 512K, 0% used [0x00000000ead80000,0x00000000ead80000,0x00000000eae00000)
 ParOldGen       total 376320K, used 376045K [0x00000000c0000000, 0x00000000d6f80000, 0x00000000eab00000)
  object space 376320K, 99% used [0x00000000c0000000,0x00000000d6f3b6c8,0x00000000d6f80000)
 Metaspace       used 69218K, committed 70784K, reserved 1114112K
  class space    used 7080K, committed 7744K, reserved 1048576K
}
Event: 221.361 GC heap after
{Heap after GC invocations=627 (full 4):
 PSYoungGen      total 2560K, used 288K [0x00000000eab00000, 0x00000000eae80000, 0x0000000100000000)
  eden space 2048K, 0% used [0x00000000eab00000,0x00000000eab00000,0x00000000ead00000)
  from space 512K, 56% used [0x00000000ead80000,0x00000000eadc8000,0x00000000eae00000)
  to   space 512K, 0% used [0x00000000eae00000,0x00000000eae00000,0x00000000eae80000)
 ParOldGen       total 376320K, used 376277K [0x00000000c0000000, 0x00000000d6f80000, 0x00000000eab00000)
  object space 376320K, 99% used [0x00000000c0000000,0x00000000d6f756c8,0x00000000d6f80000)
 Metaspace       used 69218K, committed 70784K, reserved 1114112K
  class space    used 7080K, committed 7744K, reserved 1048576K
}
Event: 221.374 GC heap before
{Heap before GC invocations=628 (full 4):
 PSYoungGen      total 2560K, used 2336K [0x00000000eab00000, 0x00000000eae80000, 0x0000000100000000)
  eden space 2048K, 100% used [0x00000000eab00000,0x00000000ead00000,0x00000000ead00000)
  from space 512K, 56% used [0x00000000ead80000,0x00000000eadc8000,0x00000000eae00000)
  to   space 512K, 0% used [0x00000000eae00000,0x00000000eae00000,0x00000000eae80000)
 ParOldGen       total 376320K, used 376277K [0x00000000c0000000, 0x00000000d6f80000, 0x00000000eab00000)
  object space 376320K, 99% used [0x00000000c0000000,0x00000000d6f756c8,0x00000000d6f80000)
 Metaspace       used 69218K, committed 70784K, reserved 1114112K
  class space    used 7080K, committed 7744K, reserved 1048576K
}
Event: 221.375 GC heap after
{Heap after GC invocations=628 (full 4):
 PSYoungGen      total 2560K, used 256K [0x00000000eab00000, 0x00000000eae80000, 0x0000000100000000)
  eden space 2048K, 0% used [0x00000000eab00000,0x00000000eab00000,0x00000000ead00000)
  from space 512K, 50% used [0x00000000eae00000,0x00000000eae40000,0x00000000eae80000)
  to   space 512K, 0% used [0x00000000ead80000,0x00000000ead80000,0x00000000eae00000)
 ParOldGen       total 376832K, used 376522K [0x00000000c0000000, 0x00000000d7000000, 0x00000000eab00000)
  object space 376832K, 99% used [0x00000000c0000000,0x00000000d6fb28d0,0x00000000d7000000)
 Metaspace       used 69218K, committed 70784K, reserved 1114112K
  class space    used 7080K, committed 7744K, reserved 1048576K
}
Event: 221.387 GC heap before
{Heap before GC invocations=629 (full 4):
 PSYoungGen      total 2560K, used 2304K [0x00000000eab00000, 0x00000000eae80000, 0x0000000100000000)
  eden space 2048K, 100% used [0x00000000eab00000,0x00000000ead00000,0x00000000ead00000)
  from space 512K, 50% used [0x00000000eae00000,0x00000000eae40000,0x00000000eae80000)
  to   space 512K, 0% used [0x00000000ead80000,0x00000000ead80000,0x00000000eae00000)
 ParOldGen       total 376832K, used 376522K [0x00000000c0000000, 0x00000000d7000000, 0x00000000eab00000)
  object space 376832K, 99% used [0x00000000c0000000,0x00000000d6fb28d0,0x00000000d7000000)
 Metaspace       used 69218K, committed 70784K, reserved 1114112K
  class space    used 7080K, committed 7744K, reserved 1048576K
}
Event: 221.388 GC heap after
{Heap after GC invocations=629 (full 4):
 PSYoungGen      total 2560K, used 288K [0x00000000eab00000, 0x00000000eae80000, 0x0000000100000000)
  eden space 2048K, 0% used [0x00000000eab00000,0x00000000eab00000,0x00000000ead00000)
  from space 512K, 56% used [0x00000000ead80000,0x00000000eadc8000,0x00000000eae00000)
  to   space 512K, 0% used [0x00000000eae00000,0x00000000eae00000,0x00000000eae80000)
 ParOldGen       total 376832K, used 376730K [0x00000000c0000000, 0x00000000d7000000, 0x00000000eab00000)
  object space 376832K, 99% used [0x00000000c0000000,0x00000000d6fe68d0,0x00000000d7000000)
 Metaspace       used 69218K, committed 70784K, reserved 1114112K
  class space    used 7080K, committed 7744K, reserved 1048576K
}
Event: 221.397 GC heap before
{Heap before GC invocations=630 (full 4):
 PSYoungGen      total 2560K, used 2336K [0x00000000eab00000, 0x00000000eae80000, 0x0000000100000000)
  eden space 2048K, 100% used [0x00000000eab00000,0x00000000ead00000,0x00000000ead00000)
  from space 512K, 56% used [0x00000000ead80000,0x00000000eadc8000,0x00000000eae00000)
  to   space 512K, 0% used [0x00000000eae00000,0x00000000eae00000,0x00000000eae80000)
 ParOldGen       total 376832K, used 376730K [0x00000000c0000000, 0x00000000d7000000, 0x00000000eab00000)
  object space 376832K, 99% used [0x00000000c0000000,0x00000000d6fe68d0,0x00000000d7000000)
 Metaspace       used 69218K, committed 70784K, reserved 1114112K
  class space    used 7080K, committed 7744K, reserved 1048576K
}
Event: 221.399 GC heap after
{Heap after GC invocations=630 (full 4):
 PSYoungGen      total 2560K, used 224K [0x00000000eab00000, 0x00000000eae80000, 0x0000000100000000)
  eden space 2048K, 0% used [0x00000000eab00000,0x00000000eab00000,0x00000000ead00000)
  from space 512K, 43% used [0x00000000eae00000,0x00000000eae38000,0x00000000eae80000)
  to   space 512K, 0% used [0x00000000ead80000,0x00000000ead80000,0x00000000eae00000)
 ParOldGen       total 377344K, used 376962K [0x00000000c0000000, 0x00000000d7080000, 0x00000000eab00000)
  object space 377344K, 99% used [0x00000000c0000000,0x00000000d70208d0,0x00000000d7080000)
 Metaspace       used 69218K, committed 70784K, reserved 1114112K
  class space    used 7080K, committed 7744K, reserved 1048576K
}
Event: 221.502 GC heap before
{Heap before GC invocations=631 (full 4):
 PSYoungGen      total 2560K, used 2272K [0x00000000eab00000, 0x00000000eae80000, 0x0000000100000000)
  eden space 2048K, 100% used [0x00000000eab00000,0x00000000ead00000,0x00000000ead00000)
  from space 512K, 43% used [0x00000000eae00000,0x00000000eae38000,0x00000000eae80000)
  to   space 512K, 0% used [0x00000000ead80000,0x00000000ead80000,0x00000000eae00000)
 ParOldGen       total 377344K, used 376962K [0x00000000c0000000, 0x00000000d7080000, 0x00000000eab00000)
  object space 377344K, 99% used [0x00000000c0000000,0x00000000d70208d0,0x00000000d7080000)
 Metaspace       used 69218K, committed 70784K, reserved 1114112K
  class space    used 7080K, committed 7744K, reserved 1048576K
}
Event: 221.504 GC heap after
{Heap after GC invocations=631 (full 4):
 PSYoungGen      total 2560K, used 320K [0x00000000eab00000, 0x00000000eae80000, 0x0000000100000000)
  eden space 2048K, 0% used [0x00000000eab00000,0x00000000eab00000,0x00000000ead00000)
  from space 512K, 62% used [0x00000000ead80000,0x00000000eadd0000,0x00000000eae00000)
  to   space 512K, 0% used [0x00000000eae00000,0x00000000eae00000,0x00000000eae80000)
 ParOldGen       total 377344K, used 377178K [0x00000000c0000000, 0x00000000d7080000, 0x00000000eab00000)
  object space 377344K, 99% used [0x00000000c0000000,0x00000000d70568d0,0x00000000d7080000)
 Metaspace       used 69218K, committed 70784K, reserved 1114112K
  class space    used 7080K, committed 7744K, reserved 1048576K
}
Event: 221.521 GC heap before
{Heap before GC invocations=632 (full 4):
 PSYoungGen      total 2560K, used 2368K [0x00000000eab00000, 0x00000000eae80000, 0x0000000100000000)
  eden space 2048K, 100% used [0x00000000eab00000,0x00000000ead00000,0x00000000ead00000)
  from space 512K, 62% used [0x00000000ead80000,0x00000000eadd0000,0x00000000eae00000)
  to   space 512K, 0% used [0x00000000eae00000,0x00000000eae00000,0x00000000eae80000)
 ParOldGen       total 377344K, used 377178K [0x00000000c0000000, 0x00000000d7080000, 0x00000000eab00000)
  object space 377344K, 99% used [0x00000000c0000000,0x00000000d70568d0,0x00000000d7080000)
 Metaspace       used 69218K, committed 70784K, reserved 1114112K
  class space    used 7080K, committed 7744K, reserved 1048576K
}
Event: 221.523 GC heap after
{Heap after GC invocations=632 (full 4):
 PSYoungGen      total 2560K, used 352K [0x00000000eab00000, 0x00000000eae80000, 0x0000000100000000)
  eden space 2048K, 0% used [0x00000000eab00000,0x00000000eab00000,0x00000000ead00000)
  from space 512K, 68% used [0x00000000eae00000,0x00000000eae58000,0x00000000eae80000)
  to   space 512K, 0% used [0x00000000ead80000,0x00000000ead80000,0x00000000eae00000)
 ParOldGen       total 377856K, used 377434K [0x00000000c0000000, 0x00000000d7100000, 0x00000000eab00000)
  object space 377856K, 99% used [0x00000000c0000000,0x00000000d70968d0,0x00000000d7100000)
 Metaspace       used 69218K, committed 70784K, reserved 1114112K
  class space    used 7080K, committed 7744K, reserved 1048576K
}
Event: 221.599 GC heap before
{Heap before GC invocations=633 (full 4):
 PSYoungGen      total 2560K, used 2399K [0x00000000eab00000, 0x00000000eae80000, 0x0000000100000000)
  eden space 2048K, 99% used [0x00000000eab00000,0x00000000eacffff8,0x00000000ead00000)
  from space 512K, 68% used [0x00000000eae00000,0x00000000eae58000,0x00000000eae80000)
  to   space 512K, 0% used [0x00000000ead80000,0x00000000ead80000,0x00000000eae00000)
 ParOldGen       total 377856K, used 377434K [0x00000000c0000000, 0x00000000d7100000, 0x00000000eab00000)
  object space 377856K, 99% used [0x00000000c0000000,0x00000000d70968d0,0x00000000d7100000)
 Metaspace       used 69218K, committed 70784K, reserved 1114112K
  class space    used 7080K, committed 7744K, reserved 1048576K
}
Event: 221.602 GC heap after
{Heap after GC invocations=633 (full 4):
 PSYoungGen      total 2560K, used 368K [0x00000000eab00000, 0x00000000eae80000, 0x0000000100000000)
  eden space 2048K, 0% used [0x00000000eab00000,0x00000000eab00000,0x00000000ead00000)
  from space 512K, 72% used [0x00000000ead80000,0x00000000eaddc2e8,0x00000000eae00000)
  to   space 512K, 0% used [0x00000000eae00000,0x00000000eae00000,0x00000000eae80000)
 ParOldGen       total 377856K, used 377730K [0x00000000c0000000, 0x00000000d7100000, 0x00000000eab00000)
  object space 377856K, 99% used [0x00000000c0000000,0x00000000d70e08d0,0x00000000d7100000)
 Metaspace       used 69218K, committed 70784K, reserved 1114112K
  class space    used 7080K, committed 7744K, reserved 1048576K
}
Event: 221.612 GC heap before
{Heap before GC invocations=634 (full 4):
 PSYoungGen      total 2560K, used 2416K [0x00000000eab00000, 0x00000000eae80000, 0x0000000100000000)
  eden space 2048K, 100% used [0x00000000eab00000,0x00000000ead00000,0x00000000ead00000)
  from space 512K, 72% used [0x00000000ead80000,0x00000000eaddc2e8,0x00000000eae00000)
  to   space 512K, 0% used [0x00000000eae00000,0x00000000eae00000,0x00000000eae80000)
 ParOldGen       total 377856K, used 377730K [0x00000000c0000000, 0x00000000d7100000, 0x00000000eab00000)
  object space 377856K, 99% used [0x00000000c0000000,0x00000000d70e08d0,0x00000000d7100000)
 Metaspace       used 69218K, committed 70784K, reserved 1114112K
  class space    used 7080K, committed 7744K, reserved 1048576K
}
Event: 221.613 GC heap after
{Heap after GC invocations=634 (full 4):
 PSYoungGen      total 2560K, used 322K [0x00000000eab00000, 0x00000000eae80000, 0x0000000100000000)
  eden space 2048K, 0% used [0x00000000eab00000,0x00000000eab00000,0x00000000ead00000)
  from space 512K, 63% used [0x00000000eae00000,0x00000000eae50b68,0x00000000eae80000)
  to   space 512K, 0% used [0x00000000ead80000,0x00000000ead80000,0x00000000eae00000)
 ParOldGen       total 378368K, used 378026K [0x00000000c0000000, 0x00000000d7180000, 0x00000000eab00000)
  object space 378368K, 99% used [0x00000000c0000000,0x00000000d712a8d0,0x00000000d7180000)
 Metaspace       used 69218K, committed 70784K, reserved 1114112K
  class space    used 7080K, committed 7744K, reserved 1048576K
}
Event: 221.625 GC heap before
{Heap before GC invocations=635 (full 4):
 PSYoungGen      total 2560K, used 2370K [0x00000000eab00000, 0x00000000eae80000, 0x0000000100000000)
  eden space 2048K, 100% used [0x00000000eab00000,0x00000000ead00000,0x00000000ead00000)
  from space 512K, 63% used [0x00000000eae00000,0x00000000eae50b68,0x00000000eae80000)
  to   space 512K, 0% used [0x00000000ead80000,0x00000000ead80000,0x00000000eae00000)
 ParOldGen       total 378368K, used 378026K [0x00000000c0000000, 0x00000000d7180000, 0x00000000eab00000)
  object space 378368K, 99% used [0x00000000c0000000,0x00000000d712a8d0,0x00000000d7180000)
 Metaspace       used 69218K, committed 70784K, reserved 1114112K
  class space    used 7080K, committed 7744K, reserved 1048576K
}
Event: 221.628 GC heap after
{Heap after GC invocations=635 (full 4):
 PSYoungGen      total 2560K, used 256K [0x00000000eab00000, 0x00000000eae80000, 0x0000000100000000)
  eden space 2048K, 0% used [0x00000000eab00000,0x00000000eab00000,0x00000000ead00000)
  from space 512K, 50% used [0x00000000ead80000,0x00000000eadc0000,0x00000000eae00000)
  to   space 512K, 0% used [0x00000000eae00000,0x00000000eae00000,0x00000000eae80000)
 ParOldGen       total 378368K, used 378258K [0x00000000c0000000, 0x00000000d7180000, 0x00000000eab00000)
  object space 378368K, 99% used [0x00000000c0000000,0x00000000d71648d0,0x00000000d7180000)
 Metaspace       used 69218K, committed 70784K, reserved 1114112K
  class space    used 7080K, committed 7744K, reserved 1048576K
}
Event: 221.757 GC heap before
{Heap before GC invocations=636 (full 4):
 PSYoungGen      total 2560K, used 2304K [0x00000000eab00000, 0x00000000eae80000, 0x0000000100000000)
  eden space 2048K, 100% used [0x00000000eab00000,0x00000000ead00000,0x00000000ead00000)
  from space 512K, 50% used [0x00000000ead80000,0x00000000eadc0000,0x00000000eae00000)
  to   space 512K, 0% used [0x00000000eae00000,0x00000000eae00000,0x00000000eae80000)
 ParOldGen       total 378368K, used 378258K [0x00000000c0000000, 0x00000000d7180000, 0x00000000eab00000)
  object space 378368K, 99% used [0x00000000c0000000,0x00000000d71648d0,0x00000000d7180000)
 Metaspace       used 69218K, committed 70784K, reserved 1114112K
  class space    used 7080K, committed 7744K, reserved 1048576K
}
Event: 221.760 GC heap after
{Heap after GC invocations=636 (full 4):
 PSYoungGen      total 2560K, used 320K [0x00000000eab00000, 0x00000000eae80000, 0x0000000100000000)
  eden space 2048K, 0% used [0x00000000eab00000,0x00000000eab00000,0x00000000ead00000)
  from space 512K, 62% used [0x00000000eae00000,0x00000000eae50000,0x00000000eae80000)
  to   space 512K, 0% used [0x00000000ead80000,0x00000000ead80000,0x00000000eae00000)
 ParOldGen       total 378880K, used 378490K [0x00000000c0000000, 0x00000000d7200000, 0x00000000eab00000)
  object space 378880K, 99% used [0x00000000c0000000,0x00000000d719e8d0,0x00000000d7200000)
 Metaspace       used 69218K, committed 70784K, reserved 1114112K
  class space    used 7080K, committed 7744K, reserved 1048576K
}

